TN:
SF:src\controllers\AuthController.js
FN:11,(anonymous_0)
FN:94,(anonymous_1)
FN:118,(anonymous_2)
FN:205,(anonymous_3)
FN:272,(anonymous_4)
FN:324,(anonymous_5)
FN:348,(anonymous_6)
FNF:7
FNH:0
FNDA:0,(anonymous_0)
FNDA:0,(anonymous_1)
FNDA:0,(anonymous_2)
FNDA:0,(anonymous_3)
FNDA:0,(anonymous_4)
FNDA:0,(anonymous_5)
FNDA:0,(anonymous_6)
DA:1,4
DA:2,4
DA:3,4
DA:4,4
DA:12,0
DA:13,0
DA:16,0
DA:17,0
DA:25,0
DA:36,0
DA:37,0
DA:44,0
DA:45,0
DA:53,0
DA:54,0
DA:55,0
DA:63,0
DA:66,0
DA:72,0
DA:83,0
DA:94,0
DA:105,0
DA:106,0
DA:119,0
DA:120,0
DA:122,0
DA:123,0
DA:131,0
DA:152,0
DA:153,0
DA:160,0
DA:161,0
DA:169,0
DA:172,0
DA:175,0
DA:186,0
DA:192,0
DA:193,0
DA:206,0
DA:207,0
DA:209,0
DA:210,0
DA:217,0
DA:219,0
DA:220,0
DA:222,0
DA:225,0
DA:236,0
DA:243,0
DA:254,0
DA:259,0
DA:260,0
DA:273,0
DA:274,0
DA:275,0
DA:282,0
DA:311,0
DA:324,0
DA:335,0
DA:336,0
DA:349,0
DA:350,0
DA:351,0
DA:358,0
DA:360,0
DA:361,0
DA:369,0
DA:370,0
DA:371,0
DA:380,0
DA:385,0
DA:386,0
DA:387,0
DA:395,0
DA:396,0
DA:399,0
DA:405,0
DA:408,0
DA:419,0
DA:424,0
DA:425,0
DA:434,4
LF:82
LH:5
BRDA:16,0,0,0
BRDA:16,0,1,0
BRDA:16,1,0,0
BRDA:16,1,1,0
BRDA:36,2,0,0
BRDA:36,2,1,0
BRDA:44,3,0,0
BRDA:44,3,1,0
BRDA:54,4,0,0
BRDA:54,4,1,0
BRDA:122,5,0,0
BRDA:122,5,1,0
BRDA:152,6,0,0
BRDA:152,6,1,0
BRDA:160,7,0,0
BRDA:160,7,1,0
BRDA:209,8,0,0
BRDA:209,8,1,0
BRDA:217,9,0,0
BRDA:217,9,1,0
BRDA:220,10,0,0
BRDA:220,10,1,0
BRDA:246,11,0,0
BRDA:246,11,1,0
BRDA:256,12,0,0
BRDA:256,12,1,0
BRDA:274,13,0,0
BRDA:274,13,1,0
BRDA:350,14,0,0
BRDA:350,14,1,0
BRDA:360,15,0,0
BRDA:360,15,1,0
BRDA:360,16,0,0
BRDA:360,16,1,0
BRDA:370,17,0,0
BRDA:370,17,1,0
BRDA:386,18,0,0
BRDA:386,18,1,0
BRF:38
BRH:0
end_of_record
TN:
SF:src\controllers\EmployeeController.js
FN:15,(anonymous_0)
FN:66,(anonymous_1)
FN:98,(anonymous_2)
FN:190,(anonymous_3)
FN:301,(anonymous_4)
FN:365,(anonymous_5)
FN:421,(anonymous_6)
FN:455,(anonymous_7)
FN:489,(anonymous_8)
FNF:9
FNH:0
FNDA:0,(anonymous_0)
FNDA:0,(anonymous_1)
FNDA:0,(anonymous_2)
FNDA:0,(anonymous_3)
FNDA:0,(anonymous_4)
FNDA:0,(anonymous_5)
FNDA:0,(anonymous_6)
FNDA:0,(anonymous_7)
FNDA:0,(anonymous_8)
DA:1,4
DA:6,4
DA:7,4
DA:8,4
DA:16,0
DA:30,0
DA:32,0
DA:47,0
DA:53,0
DA:54,0
DA:67,0
DA:68,0
DA:70,0
DA:72,0
DA:73,0
DA:80,0
DA:85,0
DA:86,0
DA:99,0
DA:100,0
DA:101,0
DA:104,0
DA:108,0
DA:109,0
DA:117,0
DA:118,0
DA:122,0
DA:123,0
DA:132,0
DA:133,0
DA:137,0
DA:138,0
DA:147,0
DA:153,0
DA:171,0
DA:177,0
DA:178,0
DA:191,0
DA:192,0
DA:193,0
DA:194,0
DA:197,0
DA:198,0
DA:199,0
DA:207,0
DA:208,0
DA:213,0
DA:214,0
DA:223,0
DA:224,0
DA:229,0
DA:230,0
DA:239,0
DA:240,0
DA:241,0
DA:245,0
DA:246,0
DA:256,0
DA:259,0
DA:282,0
DA:288,0
DA:289,0
DA:302,0
DA:303,0
DA:304,0
DA:307,0
DA:308,0
DA:309,0
DA:317,0
DA:318,0
DA:326,0
DA:329,0
DA:347,0
DA:352,0
DA:353,0
DA:366,0
DA:367,0
DA:368,0
DA:371,0
DA:372,0
DA:373,0
DA:381,0
DA:384,0
DA:402,0
DA:408,0
DA:409,0
DA:422,0
DA:423,0
DA:426,0
DA:427,0
DA:428,0
DA:435,0
DA:437,0
DA:442,0
DA:443,0
DA:456,0
DA:457,0
DA:460,0
DA:461,0
DA:462,0
DA:469,0
DA:471,0
DA:476,0
DA:477,0
DA:490,0
DA:491,0
DA:493,0
DA:498,0
DA:499,0
DA:508,4
LF:110
LH:5
BRDA:30,0,0,0
BRDA:30,0,1,0
BRDA:68,1,0,0
BRDA:68,1,1,0
BRDA:72,2,0,0
BRDA:72,2,1,0
BRDA:100,3,0,0
BRDA:100,3,1,0
BRDA:101,4,0,0
BRDA:101,4,1,0
BRDA:108,5,0,0
BRDA:108,5,1,0
BRDA:117,6,0,0
BRDA:117,6,1,0
BRDA:122,7,0,0
BRDA:122,7,1,0
BRDA:132,8,0,0
BRDA:132,8,1,0
BRDA:137,9,0,0
BRDA:137,9,1,0
BRDA:192,10,0,0
BRDA:192,10,1,0
BRDA:193,11,0,0
BRDA:193,11,1,0
BRDA:194,12,0,0
BRDA:194,12,1,0
BRDA:198,13,0,0
BRDA:198,13,1,0
BRDA:207,14,0,0
BRDA:207,14,1,0
BRDA:207,15,0,0
BRDA:207,15,1,0
BRDA:213,16,0,0
BRDA:213,16,1,0
BRDA:223,17,0,0
BRDA:223,17,1,0
BRDA:223,18,0,0
BRDA:223,18,1,0
BRDA:229,19,0,0
BRDA:229,19,1,0
BRDA:239,20,0,0
BRDA:239,20,1,0
BRDA:240,21,0,0
BRDA:240,21,1,0
BRDA:240,22,0,0
BRDA:240,22,1,0
BRDA:245,23,0,0
BRDA:245,23,1,0
BRDA:303,24,0,0
BRDA:303,24,1,0
BRDA:304,25,0,0
BRDA:304,25,1,0
BRDA:308,26,0,0
BRDA:308,26,1,0
BRDA:317,27,0,0
BRDA:317,27,1,0
BRDA:317,28,0,0
BRDA:317,28,1,0
BRDA:367,29,0,0
BRDA:367,29,1,0
BRDA:368,30,0,0
BRDA:368,30,1,0
BRDA:372,31,0,0
BRDA:372,31,1,0
BRDA:423,32,0,0
BRDA:423,32,1,0
BRDA:427,33,0,0
BRDA:427,33,1,0
BRDA:457,34,0,0
BRDA:457,34,1,0
BRDA:461,35,0,0
BRDA:461,35,1,0
BRF:72
BRH:0
end_of_record
TN:
SF:src\controllers\FileController.js
FN:12,(anonymous_0)
FN:116,(anonymous_1)
FN:234,(anonymous_2)
FN:272,(anonymous_3)
FN:335,(anonymous_4)
FN:375,(anonymous_5)
FNF:6
FNH:0
FNDA:0,(anonymous_0)
FNDA:0,(anonymous_1)
FNDA:0,(anonymous_2)
FNDA:0,(anonymous_3)
FNDA:0,(anonymous_4)
FNDA:0,(anonymous_5)
DA:1,4
DA:2,4
DA:3,4
DA:4,4
DA:5,4
DA:13,0
DA:14,0
DA:15,0
DA:22,0
DA:23,0
DA:30,0
DA:31,0
DA:34,0
DA:35,0
DA:36,0
DA:40,0
DA:44,0
DA:45,0
DA:53,0
DA:54,0
DA:62,0
DA:63,0
DA:66,0
DA:75,0
DA:92,0
DA:103,0
DA:104,0
DA:117,0
DA:118,0
DA:119,0
DA:126,0
DA:127,0
DA:134,0
DA:135,0
DA:138,0
DA:139,0
DA:140,0
DA:144,0
DA:148,0
DA:149,0
DA:156,0
DA:157,0
DA:159,0
DA:161,0
DA:162,0
DA:170,0
DA:171,0
DA:173,0
DA:183,0
DA:184,0
DA:188,0
DA:197,0
DA:212,0
DA:221,0
DA:222,0
DA:235,0
DA:236,0
DA:238,0
DA:239,0
DA:247,0
DA:248,0
DA:255,0
DA:257,0
DA:259,0
DA:260,0
DA:273,0
DA:274,0
DA:275,0
DA:282,0
DA:283,0
DA:285,0
DA:286,0
DA:294,0
DA:295,0
DA:302,0
DA:305,0
DA:306,0
DA:314,0
DA:317,0
DA:326,0
DA:327,0
DA:329,0
DA:330,0
DA:333,0
DA:334,0
DA:335,0
DA:336,0
DA:339,0
DA:346,0
DA:357,0
DA:362,0
DA:363,0
DA:376,0
DA:377,0
DA:378,0
DA:380,0
DA:381,0
DA:388,0
DA:391,0
DA:392,0
DA:399,0
DA:411,0
DA:412,0
DA:419,0
DA:422,0
DA:423,0
DA:424,0
DA:425,0
DA:426,0
DA:437,0
DA:438,0
DA:439,0
DA:440,0
DA:442,0
DA:446,0
DA:459,0
DA:460,0
DA:469,4
LF:118
LH:6
BRDA:14,0,0,0
BRDA:14,0,1,0
BRDA:22,1,0,0
BRDA:22,1,1,0
BRDA:35,2,0,0
BRDA:35,2,1,0
BRDA:35,3,0,0
BRDA:35,3,1,0
BRDA:44,4,0,0
BRDA:44,4,1,0
BRDA:53,5,0,0
BRDA:53,5,1,0
BRDA:118,6,0,0
BRDA:118,6,1,0
BRDA:126,7,0,0
BRDA:126,7,1,0
BRDA:126,8,0,0
BRDA:126,8,1,0
BRDA:139,9,0,0
BRDA:139,9,1,0
BRDA:139,10,0,0
BRDA:139,10,1,0
BRDA:148,11,0,0
BRDA:148,11,1,0
BRDA:157,12,0,0
BRDA:157,12,1,0
BRDA:161,13,0,0
BRDA:161,13,1,0
BRDA:177,14,0,0
BRDA:177,14,1,0
BRDA:238,15,0,0
BRDA:238,15,1,0
BRDA:247,16,0,0
BRDA:247,16,1,0
BRDA:255,17,0,0
BRDA:255,17,1,0
BRDA:274,18,0,0
BRDA:274,18,1,0
BRDA:285,19,0,0
BRDA:285,19,1,0
BRDA:294,20,0,0
BRDA:294,20,1,0
BRDA:302,21,0,0
BRDA:302,21,1,0
BRDA:305,22,0,0
BRDA:305,22,1,0
BRDA:326,23,0,0
BRDA:326,23,1,0
BRDA:329,24,0,0
BRDA:329,24,1,0
BRDA:329,25,0,0
BRDA:329,25,1,0
BRDA:333,26,0,0
BRDA:333,26,1,0
BRDA:378,27,0,0
BRDA:378,27,1,0
BRDA:380,28,0,0
BRDA:380,28,1,0
BRDA:391,29,0,0
BRDA:391,29,1,0
BRDA:391,30,0,0
BRDA:391,30,1,0
BRDA:391,30,2,0
BRDA:411,31,0,0
BRDA:411,31,1,0
BRDA:422,32,0,0
BRDA:422,32,1,0
BRDA:423,33,0,0
BRDA:423,33,1,0
BRDA:424,34,0,0
BRDA:424,34,1,0
BRDA:437,35,0,0
BRDA:437,35,1,0
BRF:73
BRH:0
end_of_record
TN:
SF:src\controllers\ImportExportController.js
FN:12,(anonymous_0)
FN:88,(anonymous_1)
FN:153,(anonymous_2)
FN:154,(anonymous_3)
FN:172,(anonymous_4)
FN:308,(anonymous_5)
FN:309,(anonymous_6)
FN:327,(anonymous_7)
FNF:8
FNH:0
FNDA:0,(anonymous_0)
FNDA:0,(anonymous_1)
FNDA:0,(anonymous_2)
FNDA:0,(anonymous_3)
FNDA:0,(anonymous_4)
FNDA:0,(anonymous_5)
FNDA:0,(anonymous_6)
FNDA:0,(anonymous_7)
DA:1,4
DA:2,4
DA:3,4
DA:4,4
DA:5,4
DA:13,0
DA:14,0
DA:15,0
DA:22,0
DA:23,0
DA:30,0
DA:31,0
DA:34,0
DA:35,0
DA:36,0
DA:44,0
DA:47,0
DA:63,0
DA:75,0
DA:76,0
DA:89,0
DA:90,0
DA:91,0
DA:104,0
DA:106,0
DA:107,0
DA:108,0
DA:109,0
DA:110,0
DA:111,0
DA:114,0
DA:115,0
DA:116,0
DA:119,0
DA:120,0
DA:121,0
DA:125,0
DA:128,0
DA:144,0
DA:145,0
DA:146,0
DA:149,0
DA:150,0
DA:153,0
DA:154,0
DA:155,0
DA:159,0
DA:160,0
DA:173,0
DA:174,0
DA:175,0
DA:188,0
DA:190,0
DA:191,0
DA:192,0
DA:193,0
DA:194,0
DA:195,0
DA:198,0
DA:200,0
DA:201,0
DA:204,0
DA:205,0
DA:208,0
DA:209,0
DA:218,0
DA:219,0
DA:220,0
DA:221,0
DA:223,0
DA:224,0
DA:228,0
DA:268,0
DA:269,0
DA:270,0
DA:273,0
DA:274,0
DA:275,0
DA:279,0
DA:282,0
DA:299,0
DA:300,0
DA:301,0
DA:304,0
DA:305,0
DA:308,0
DA:309,0
DA:310,0
DA:314,0
DA:315,0
DA:328,0
DA:329,0
DA:330,0
DA:337,0
DA:338,0
DA:339,0
DA:340,0
DA:342,0
DA:346,0
DA:347,0
DA:364,0
DA:366,0
DA:379,0
DA:380,0
DA:389,4
LF:105
LH:6
BRDA:14,0,0,0
BRDA:14,0,1,0
BRDA:22,1,0,0
BRDA:22,1,1,0
BRDA:35,2,0,0
BRDA:35,2,1,0
BRDA:90,3,0,0
BRDA:90,3,1,0
BRDA:107,4,0,0
BRDA:107,4,1,0
BRDA:108,5,0,0
BRDA:108,5,1,0
BRDA:109,6,0,0
BRDA:109,6,1,0
BRDA:110,7,0,0
BRDA:110,7,1,0
BRDA:111,8,0,0
BRDA:111,8,1,0
BRDA:116,9,0,0
BRDA:116,9,1,0
BRDA:120,10,0,0
BRDA:120,10,1,0
BRDA:155,11,0,0
BRDA:155,11,1,0
BRDA:174,12,0,0
BRDA:174,12,1,0
BRDA:191,13,0,0
BRDA:191,13,1,0
BRDA:192,14,0,0
BRDA:192,14,1,0
BRDA:193,15,0,0
BRDA:193,15,1,0
BRDA:194,16,0,0
BRDA:194,16,1,0
BRDA:195,17,0,0
BRDA:195,17,1,0
BRDA:200,18,0,0
BRDA:200,18,1,0
BRDA:204,19,0,0
BRDA:204,19,1,0
BRDA:208,20,0,0
BRDA:208,20,1,0
BRDA:218,21,0,0
BRDA:218,21,1,0
BRDA:218,22,0,0
BRDA:218,22,1,0
BRDA:220,23,0,0
BRDA:220,23,1,0
BRDA:223,24,0,0
BRDA:223,24,1,0
BRDA:270,25,0,0
BRDA:270,25,1,0
BRDA:274,26,0,0
BRDA:274,26,1,0
BRDA:310,27,0,0
BRDA:310,27,1,0
BRDA:329,28,0,0
BRDA:329,28,1,0
BRDA:337,29,0,0
BRDA:337,30,0,0
BRDA:338,31,0,0
BRDA:338,31,1,0
BRDA:339,32,0,0
BRDA:339,32,1,0
BRF:64
BRH:0
end_of_record
TN:
SF:src\controllers\RoleController.js
FN:8,(anonymous_0)
FN:45,(anonymous_1)
FN:65,(anonymous_2)
FN:101,(anonymous_3)
FN:148,(anonymous_4)
FN:215,(anonymous_5)
FNF:6
FNH:0
FNDA:0,(anonymous_0)
FNDA:0,(anonymous_1)
FNDA:0,(anonymous_2)
FNDA:0,(anonymous_3)
FNDA:0,(anonymous_4)
FNDA:0,(anonymous_5)
DA:1,4
DA:9,0
DA:17,0
DA:19,0
DA:28,0
DA:34,0
DA:46,0
DA:47,0
DA:49,0
DA:54,0
DA:66,0
DA:67,0
DA:69,0
DA:70,0
DA:76,0
DA:78,0
DA:79,0
DA:85,0
DA:90,0
DA:102,0
DA:103,0
DA:106,0
DA:107,0
DA:114,0
DA:115,0
DA:116,0
DA:122,0
DA:131,0
DA:137,0
DA:149,0
DA:150,0
DA:152,0
DA:153,0
DA:159,0
DA:162,0
DA:163,0
DA:164,0
DA:171,0
DA:172,0
DA:179,0
DA:180,0
DA:181,0
DA:182,0
DA:189,0
DA:198,0
DA:204,0
DA:216,0
DA:217,0
DA:219,0
DA:220,0
DA:227,0
DA:228,0
DA:229,0
DA:236,0
DA:237,0
DA:243,0
DA:245,0
DA:250,0
DA:258,4
LF:59
LH:2
BRDA:36,0,0,0
BRDA:36,0,1,0
BRDA:56,1,0,0
BRDA:56,1,1,0
BRDA:69,2,0,0
BRDA:69,2,1,0
BRDA:78,3,0,0
BRDA:78,3,1,0
BRDA:92,4,0,0
BRDA:92,4,1,0
BRDA:106,5,0,0
BRDA:106,5,1,0
BRDA:106,6,0,0
BRDA:106,6,1,0
BRDA:115,7,0,0
BRDA:115,7,1,0
BRDA:139,8,0,0
BRDA:139,8,1,0
BRDA:152,9,0,0
BRDA:152,9,1,0
BRDA:163,10,0,0
BRDA:163,10,1,0
BRDA:171,11,0,0
BRDA:171,11,1,0
BRDA:171,12,0,0
BRDA:171,12,1,0
BRDA:171,12,2,0
BRDA:179,13,0,0
BRDA:179,13,1,0
BRDA:179,14,0,0
BRDA:179,14,1,0
BRDA:181,15,0,0
BRDA:181,15,1,0
BRDA:206,16,0,0
BRDA:206,16,1,0
BRDA:219,17,0,0
BRDA:219,17,1,0
BRDA:228,18,0,0
BRDA:228,18,1,0
BRDA:236,19,0,0
BRDA:236,19,1,0
BRDA:252,20,0,0
BRDA:252,20,1,0
BRF:43
BRH:0
end_of_record
TN:
SF:src\middleware\auth.js
FN:8,(anonymous_0)
FN:71,(anonymous_1)
FN:108,(anonymous_2)
FN:109,(anonymous_3)
FN:123,(anonymous_4)
FN:126,(anonymous_5)
FN:146,(anonymous_6)
FN:147,(anonymous_7)
FN:161,(anonymous_8)
FN:190,(anonymous_9)
FN:240,(anonymous_10)
FNF:11
FNH:1
FNDA:0,(anonymous_0)
FNDA:0,(anonymous_1)
FNDA:36,(anonymous_2)
FNDA:0,(anonymous_3)
FNDA:0,(anonymous_4)
FNDA:0,(anonymous_5)
FNDA:0,(anonymous_6)
FNDA:0,(anonymous_7)
FNDA:0,(anonymous_8)
FNDA:0,(anonymous_9)
FNDA:0,(anonymous_10)
DA:1,4
DA:2,4
DA:3,4
DA:8,4
DA:9,0
DA:10,0
DA:11,0
DA:13,0
DA:14,0
DA:22,0
DA:25,0
DA:35,0
DA:36,0
DA:44,0
DA:55,0
DA:56,0
DA:64,0
DA:71,0
DA:79,0
DA:81,0
DA:82,0
DA:87,0
DA:88,0
DA:95,0
DA:96,0
DA:108,4
DA:109,36
DA:110,0
DA:111,0
DA:119,0
DA:120,0
DA:123,0
DA:124,0
DA:126,0
DA:128,0
DA:129,0
DA:138,0
DA:146,4
DA:147,0
DA:148,0
DA:149,0
DA:157,0
DA:158,0
DA:161,0
DA:163,0
DA:164,0
DA:171,0
DA:173,0
DA:174,0
DA:183,0
DA:190,4
DA:191,0
DA:192,0
DA:193,0
DA:195,0
DA:196,0
DA:197,0
DA:200,0
DA:202,0
DA:212,0
DA:213,0
DA:214,0
DA:217,0
DA:228,0
DA:229,0
DA:230,0
DA:233,0
DA:240,0
DA:248,0
DA:251,0
DA:252,0
DA:256,4
LF:72
LH:9
BRDA:11,0,0,0
BRDA:11,0,1,0
BRDA:13,1,0,0
BRDA:13,1,1,0
BRDA:35,2,0,0
BRDA:35,2,1,0
BRDA:55,3,0,0
BRDA:55,3,1,0
BRDA:55,4,0,0
BRDA:55,4,1,0
BRDA:81,5,0,0
BRDA:81,5,1,0
BRDA:87,6,0,0
BRDA:87,6,1,0
BRDA:110,7,0,0
BRDA:110,7,1,0
BRDA:119,8,0,0
BRDA:119,8,1,0
BRDA:124,9,0,0
BRDA:124,9,1,0
BRDA:128,10,0,0
BRDA:128,10,1,0
BRDA:148,11,0,0
BRDA:148,11,1,0
BRDA:157,12,0,0
BRDA:157,12,1,0
BRDA:163,13,0,0
BRDA:163,13,1,0
BRDA:171,14,0,0
BRDA:171,14,1,0
BRDA:173,15,0,0
BRDA:173,15,1,0
BRDA:193,16,0,0
BRDA:193,16,1,0
BRDA:195,17,0,0
BRDA:195,17,1,0
BRDA:212,18,0,0
BRDA:212,18,1,0
BRDA:228,19,0,0
BRDA:228,19,1,0
BRDA:228,20,0,0
BRDA:228,20,1,0
BRF:42
BRH:0
end_of_record
TN:
SF:src\middleware\rateLimiter.js
FN:15,(anonymous_0)
FN:28,(anonymous_1)
FN:53,(anonymous_2)
FN:54,(anonymous_3)
FN:96,(anonymous_4)
FN:102,(anonymous_5)
FN:132,(anonymous_6)
FN:146,(anonymous_7)
FN:165,(anonymous_8)
FN:188,(anonymous_9)
FNF:10
FNH:2
FNDA:12,(anonymous_0)
FNDA:0,(anonymous_1)
FNDA:4,(anonymous_2)
FNDA:0,(anonymous_3)
FNDA:0,(anonymous_4)
FNDA:0,(anonymous_5)
FNDA:0,(anonymous_6)
FNDA:0,(anonymous_7)
FNDA:0,(anonymous_8)
FNDA:0,(anonymous_9)
DA:1,4
DA:2,4
DA:3,4
DA:4,4
DA:7,4
DA:15,4
DA:16,12
DA:29,0
DA:30,0
DA:32,0
DA:53,4
DA:54,4
DA:55,0
DA:57,0
DA:58,0
DA:61,0
DA:62,0
DA:63,0
DA:66,0
DA:73,0
DA:74,0
DA:76,0
DA:89,0
DA:96,0
DA:98,0
DA:102,0
DA:103,0
DA:105,0
DA:107,0
DA:108,0
DA:112,0
DA:113,0
DA:116,0
DA:119,0
DA:133,0
DA:135,0
DA:137,0
DA:146,4
DA:147,0
DA:148,0
DA:151,0
DA:152,0
DA:153,0
DA:165,4
DA:166,0
DA:168,0
DA:169,0
DA:175,0
DA:188,4
DA:189,0
DA:191,0
DA:192,0
DA:194,0
DA:199,4
DA:206,4
DA:213,4
DA:219,4
LF:57
LH:16
BRDA:15,0,0,0
BRDA:15,1,0,0
BRDA:15,2,0,0
BRDA:19,3,0,12
BRDA:19,3,1,0
BRDA:29,4,0,0
BRDA:29,4,1,0
BRDA:30,5,0,0
BRDA:30,5,1,0
BRDA:53,6,0,0
BRDA:53,7,0,0
BRDA:57,8,0,0
BRDA:57,8,1,0
BRDA:66,9,0,0
BRDA:66,9,1,0
BRDA:73,10,0,0
BRDA:73,10,1,0
BRDA:73,11,0,0
BRDA:73,11,1,0
BRDA:103,12,0,0
BRDA:103,12,1,0
BRDA:107,13,0,0
BRDA:107,13,1,0
BRDA:112,14,0,0
BRDA:112,14,1,0
BRDA:135,15,0,0
BRDA:135,15,1,0
BRDA:152,16,0,0
BRDA:152,16,1,0
BRDA:152,17,0,0
BRDA:152,17,1,0
BRDA:168,18,0,0
BRDA:168,18,1,0
BRDA:169,19,0,0
BRDA:169,19,1,0
BRDA:175,20,0,0
BRDA:175,20,1,0
BRDA:191,21,0,0
BRDA:191,21,1,0
BRF:39
BRH:1
end_of_record
TN:
SF:src\models\Employee.js
FN:23,(anonymous_0)
FN:173,(anonymous_1)
FN:225,(anonymous_2)
FN:255,(anonymous_3)
FN:356,(anonymous_4)
FN:381,(anonymous_5)
FN:483,(anonymous_6)
FN:508,(anonymous_7)
FN:526,(anonymous_8)
FN:544,(anonymous_9)
FN:558,(anonymous_10)
FN:589,(anonymous_11)
FN:621,(anonymous_12)
FN:676,(anonymous_13)
FN:680,(anonymous_14)
FNF:15
FNH:0
FNDA:0,(anonymous_0)
FNDA:0,(anonymous_1)
FNDA:0,(anonymous_2)
FNDA:0,(anonymous_3)
FNDA:0,(anonymous_4)
FNDA:0,(anonymous_5)
FNDA:0,(anonymous_6)
FNDA:0,(anonymous_7)
FNDA:0,(anonymous_8)
FNDA:0,(anonymous_9)
FNDA:0,(anonymous_10)
FNDA:0,(anonymous_11)
FNDA:0,(anonymous_12)
FNDA:0,(anonymous_13)
FNDA:0,(anonymous_14)
DA:1,4
DA:2,4
DA:3,4
DA:4,4
DA:38,0
DA:42,0
DA:45,0
DA:46,0
DA:47,0
DA:49,0
DA:50,0
DA:51,0
DA:53,0
DA:58,0
DA:59,0
DA:72,0
DA:73,0
DA:83,0
DA:84,0
DA:88,0
DA:89,0
DA:93,0
DA:94,0
DA:98,0
DA:99,0
DA:103,0
DA:104,0
DA:105,0
DA:106,0
DA:108,0
DA:109,0
DA:113,0
DA:114,0
DA:149,0
DA:151,0
DA:164,0
DA:166,0
DA:174,0
DA:175,0
DA:179,0
DA:180,0
DA:181,0
DA:184,0
DA:214,0
DA:215,0
DA:218,0
DA:227,0
DA:228,0
DA:229,0
DA:232,0
DA:244,0
DA:245,0
DA:248,0
DA:296,0
DA:299,0
DA:302,0
DA:343,0
DA:355,0
DA:356,0
DA:363,0
DA:368,0
DA:371,0
DA:373,0
DA:382,0
DA:383,0
DA:425,0
DA:427,0
DA:430,0
DA:431,0
DA:432,0
DA:433,0
DA:434,0
DA:435,0
DA:436,0
DA:437,0
DA:438,0
DA:439,0
DA:440,0
DA:441,0
DA:442,0
DA:443,0
DA:444,0
DA:445,0
DA:446,0
DA:447,0
DA:448,0
DA:449,0
DA:450,0
DA:451,0
DA:452,0
DA:453,0
DA:454,0
DA:455,0
DA:456,0
DA:457,0
DA:458,0
DA:459,0
DA:460,0
DA:461,0
DA:462,0
DA:463,0
DA:464,0
DA:465,0
DA:466,0
DA:469,0
DA:475,0
DA:477,0
DA:482,0
DA:483,0
DA:490,0
DA:496,0
DA:499,0
DA:501,0
DA:509,0
DA:510,0
DA:513,0
DA:527,0
DA:528,0
DA:531,0
DA:545,0
DA:546,0
DA:549,0
DA:559,0
DA:560,0
DA:563,0
DA:590,0
DA:591,0
DA:594,0
DA:601,0
DA:602,0
DA:605,0
DA:623,0
DA:624,0
DA:625,0
DA:626,0
DA:636,0
DA:672,0
DA:677,0
DA:678,0
DA:681,0
DA:682,0
DA:688,0
DA:690,0
DA:694,4
LF:144
LH:5
BRDA:24,0,0,0
BRDA:25,1,0,0
BRDA:34,2,0,0
BRDA:35,3,0,0
BRDA:46,4,0,0
BRDA:46,4,1,0
BRDA:49,5,0,0
BRDA:49,5,1,0
BRDA:50,6,0,0
BRDA:50,6,1,0
BRDA:58,7,0,0
BRDA:58,7,1,0
BRDA:72,8,0,0
BRDA:72,8,1,0
BRDA:83,9,0,0
BRDA:83,9,1,0
BRDA:88,10,0,0
BRDA:88,10,1,0
BRDA:93,11,0,0
BRDA:93,11,1,0
BRDA:94,12,0,0
BRDA:94,12,1,0
BRDA:98,13,0,0
BRDA:98,13,1,0
BRDA:103,14,0,0
BRDA:103,14,1,0
BRDA:103,15,0,0
BRDA:103,15,1,0
BRDA:105,16,0,0
BRDA:105,16,1,0
BRDA:108,17,0,0
BRDA:108,17,1,0
BRDA:174,18,0,0
BRDA:174,18,1,0
BRDA:180,19,0,0
BRDA:180,19,1,0
BRDA:214,20,0,0
BRDA:214,20,1,0
BRDA:228,21,0,0
BRDA:228,21,1,0
BRDA:244,22,0,0
BRDA:244,22,1,0
BRDA:310,23,0,0
BRDA:310,23,1,0
BRDA:314,24,0,0
BRDA:314,24,1,0
BRDA:319,25,0,0
BRDA:319,25,1,0
BRDA:338,26,0,0
BRDA:338,26,1,0
BRDA:339,27,0,0
BRDA:339,27,1,0
BRDA:340,28,0,0
BRDA:340,28,1,0
BRDA:355,29,0,0
BRDA:355,29,1,0
BRDA:355,30,0,0
BRDA:355,30,1,0
BRDA:382,31,0,0
BRDA:382,31,1,0
BRDA:430,32,0,0
BRDA:430,32,1,0
BRDA:431,33,0,0
BRDA:431,33,1,0
BRDA:432,34,0,0
BRDA:432,34,1,0
BRDA:433,35,0,0
BRDA:433,35,1,0
BRDA:434,36,0,0
BRDA:434,36,1,0
BRDA:435,37,0,0
BRDA:435,37,1,0
BRDA:436,38,0,0
BRDA:436,38,1,0
BRDA:437,39,0,0
BRDA:437,39,1,0
BRDA:438,40,0,0
BRDA:438,40,1,0
BRDA:439,41,0,0
BRDA:439,41,1,0
BRDA:440,42,0,0
BRDA:440,42,1,0
BRDA:441,43,0,0
BRDA:441,43,1,0
BRDA:442,44,0,0
BRDA:442,44,1,0
BRDA:443,45,0,0
BRDA:443,45,1,0
BRDA:444,46,0,0
BRDA:444,46,1,0
BRDA:445,47,0,0
BRDA:445,47,1,0
BRDA:446,48,0,0
BRDA:446,48,1,0
BRDA:446,49,0,0
BRDA:446,49,1,0
BRDA:447,50,0,0
BRDA:447,50,1,0
BRDA:448,51,0,0
BRDA:448,51,1,0
BRDA:449,52,0,0
BRDA:449,52,1,0
BRDA:450,53,0,0
BRDA:450,53,1,0
BRDA:451,54,0,0
BRDA:451,54,1,0
BRDA:452,55,0,0
BRDA:452,55,1,0
BRDA:453,56,0,0
BRDA:453,56,1,0
BRDA:454,57,0,0
BRDA:454,57,1,0
BRDA:455,58,0,0
BRDA:455,58,1,0
BRDA:456,59,0,0
BRDA:456,59,1,0
BRDA:457,60,0,0
BRDA:457,60,1,0
BRDA:458,61,0,0
BRDA:458,61,1,0
BRDA:459,62,0,0
BRDA:459,62,1,0
BRDA:460,63,0,0
BRDA:460,63,1,0
BRDA:461,64,0,0
BRDA:461,64,1,0
BRDA:462,65,0,0
BRDA:462,65,1,0
BRDA:463,66,0,0
BRDA:463,66,1,0
BRDA:464,67,0,0
BRDA:464,67,1,0
BRDA:465,68,0,0
BRDA:465,68,1,0
BRDA:466,69,0,0
BRDA:466,69,1,0
BRDA:475,70,0,0
BRDA:475,70,1,0
BRDA:482,71,0,0
BRDA:482,71,1,0
BRDA:482,72,0,0
BRDA:482,72,1,0
BRDA:509,73,0,0
BRDA:509,73,1,0
BRDA:527,74,0,0
BRDA:527,74,1,0
BRDA:545,75,0,0
BRDA:545,75,1,0
BRDA:559,76,0,0
BRDA:559,76,1,0
BRDA:590,77,0,0
BRDA:590,77,1,0
BRDA:601,78,0,0
BRDA:601,78,1,0
BRDA:601,79,0,0
BRDA:601,79,1,0
BRDA:625,80,0,0
BRDA:625,80,1,0
BRDA:681,81,0,0
BRDA:681,81,1,0
BRF:160
BRH:0
end_of_record
TN:
SF:src\models\Role.js
FN:15,(anonymous_0)
FN:78,(anonymous_1)
FN:95,(anonymous_2)
FN:109,(anonymous_3)
FN:119,(anonymous_4)
FN:139,(anonymous_5)
FN:161,(anonymous_6)
FN:178,(anonymous_7)
FN:195,(anonymous_8)
FNF:9
FNH:0
FNDA:0,(anonymous_0)
FNDA:0,(anonymous_1)
FNDA:0,(anonymous_2)
FNDA:0,(anonymous_3)
FNDA:0,(anonymous_4)
FNDA:0,(anonymous_5)
FNDA:0,(anonymous_6)
FNDA:0,(anonymous_7)
FNDA:0,(anonymous_8)
DA:1,4
DA:2,4
DA:23,0
DA:24,0
DA:25,0
DA:27,0
DA:31,0
DA:32,0
DA:35,0
DA:36,0
DA:39,0
DA:40,0
DA:43,0
DA:44,0
DA:51,0
DA:52,0
DA:62,0
DA:64,0
DA:79,0
DA:96,0
DA:97,0
DA:100,0
DA:110,0
DA:120,0
DA:122,0
DA:140,0
DA:141,0
DA:144,0
DA:162,0
DA:163,0
DA:166,0
DA:179,0
DA:180,0
DA:183,0
DA:196,0
DA:197,0
DA:200,0
DA:206,4
LF:38
LH:3
BRDA:16,0,0,0
BRDA:17,1,0,0
BRDA:23,2,0,0
BRDA:23,2,1,0
BRDA:24,3,0,0
BRDA:24,3,1,0
BRDA:31,4,0,0
BRDA:31,4,1,0
BRDA:35,5,0,0
BRDA:35,5,1,0
BRDA:36,6,0,0
BRDA:36,6,1,0
BRDA:39,7,0,0
BRDA:39,7,1,0
BRDA:40,8,0,0
BRDA:40,8,1,0
BRDA:43,9,0,0
BRDA:43,9,1,0
BRDA:96,10,0,0
BRDA:96,10,1,0
BRDA:127,11,0,0
BRDA:127,11,1,0
BRDA:128,12,0,0
BRDA:128,12,1,0
BRDA:129,13,0,0
BRDA:129,13,1,0
BRDA:140,14,0,0
BRDA:140,14,1,0
BRDA:150,15,0,0
BRDA:150,15,1,0
BRDA:151,16,0,0
BRDA:151,16,1,0
BRDA:152,17,0,0
BRDA:152,17,1,0
BRDA:162,18,0,0
BRDA:162,18,1,0
BRDA:179,19,0,0
BRDA:179,19,1,0
BRDA:196,20,0,0
BRDA:196,20,1,0
BRF:40
BRH:0
end_of_record
TN:
SF:src\routes\auth.js
FNF:0
FNH:0
DA:1,4
DA:2,4
DA:3,4
DA:4,4
DA:5,4
DA:7,4
DA:10,4
DA:13,4
DA:21,4
DA:28,4
DA:36,4
DA:39,4
DA:47,4
LF:13
LH:13
BRF:0
BRH:0
end_of_record
TN:
SF:src\routes\employees.js
FNF:0
FNH:0
DA:1,4
DA:2,4
DA:3,4
DA:4,4
DA:10,4
DA:12,4
DA:15,4
DA:18,4
DA:24,4
DA:31,4
DA:37,4
DA:45,4
DA:54,4
DA:62,4
DA:70,4
DA:77,4
DA:83,4
LF:17
LH:17
BRF:0
BRH:0
end_of_record
TN:
SF:src\routes\files.js
FNF:0
FNH:0
DA:1,4
DA:2,4
DA:3,4
DA:4,4
DA:5,4
DA:7,4
DA:10,4
DA:18,4
DA:26,4
DA:32,4
DA:38,4
DA:43,4
LF:12
LH:12
BRF:0
BRH:0
end_of_record
TN:
SF:src\routes\importExport.js
FNF:0
FNH:0
DA:1,4
DA:2,4
DA:3,4
DA:4,4
DA:6,4
DA:9,4
DA:17,4
DA:24,4
DA:31,4
DA:37,4
LF:10
LH:10
BRF:0
BRH:0
end_of_record
TN:
SF:src\routes\roles.js
FNF:0
FNH:0
DA:1,4
DA:2,4
DA:4,4
DA:7,4
DA:10,4
DA:13,4
DA:16,4
DA:19,4
DA:22,4
DA:24,4
LF:10
LH:10
BRF:0
BRH:0
end_of_record
TN:
SF:src\routes\swagger.js
FN:22,(anonymous_0)
FNF:1
FNH:0
FNDA:0,(anonymous_0)
DA:1,4
DA:2,4
DA:3,4
DA:4,4
DA:6,4
DA:9,4
DA:12,4
DA:21,4
DA:22,4
DA:23,0
DA:24,0
DA:27,4
LF:12
LH:10
BRF:0
BRH:0
end_of_record
TN:
SF:src\utils\configValidator.js
FN:56,validateRequiredEnv
FN:73,parseBoolean
FN:89,parseInteger
FN:101,parseArray
FN:106,(anonymous_4)
FN:106,(anonymous_5)
FN:112,validateConfig
FN:204,getEnvironmentConfig
FN:247,mergeEnvironmentConfig
FN:259,getConfig
FN:279,printConfigSummary
FNF:11
FNH:11
FNDA:8,validateRequiredEnv
FNDA:96,parseBoolean
FNDA:336,parseInteger
FNDA:32,parseArray
FNDA:176,(anonymous_4)
FNDA:176,(anonymous_5)
FNDA:8,validateConfig
FNDA:8,getEnvironmentConfig
FNDA:8,mergeEnvironmentConfig
FNDA:8,getConfig
FNDA:4,printConfigSummary
DA:6,4
DA:12,4
DA:57,8
DA:59,8
DA:60,24
DA:61,0
DA:65,8
DA:66,0
DA:74,96
DA:75,0
DA:78,96
DA:79,0
DA:82,96
DA:83,96
DA:90,336
DA:91,0
DA:94,336
DA:95,336
DA:102,32
DA:103,0
DA:106,176
DA:113,8
DA:116,8
DA:119,8
DA:120,24
DA:124,8
DA:125,304
DA:128,304
DA:129,48
DA:130,256
DA:131,168
DA:132,88
DA:133,16
DA:135,72
DA:140,8
DA:141,0
DA:144,8
DA:145,0
DA:148,8
DA:149,0
DA:152,8
DA:153,0
DA:156,8
DA:157,0
DA:160,8
DA:161,0
DA:164,8
DA:165,0
DA:168,8
DA:169,0
DA:172,8
DA:173,0
DA:176,8
DA:177,0
DA:180,8
DA:181,0
DA:185,8
DA:186,0
DA:190,8
DA:191,0
DA:194,8
DA:195,0
DA:198,8
DA:205,8
DA:207,8
DA:241,8
DA:248,8
DA:250,8
DA:260,8
DA:261,8
DA:262,8
DA:264,8
DA:271,0
DA:272,0
DA:280,4
DA:282,4
DA:283,4
DA:284,4
DA:285,4
DA:286,4
DA:287,4
DA:288,4
DA:289,4
DA:290,4
DA:291,4
DA:292,4
DA:293,4
DA:296,4
LF:88
LH:66
BRDA:60,0,0,0
BRDA:60,0,1,24
BRDA:65,1,0,0
BRDA:65,1,1,8
BRDA:73,2,0,48
BRDA:74,3,0,0
BRDA:74,3,1,96
BRDA:74,4,0,96
BRDA:74,4,1,96
BRDA:78,5,0,0
BRDA:78,5,1,96
BRDA:83,6,0,96
BRDA:83,6,1,32
BRDA:83,6,2,32
BRDA:89,7,0,168
BRDA:90,8,0,0
BRDA:90,8,1,336
BRDA:90,9,0,336
BRDA:90,9,1,336
BRDA:95,10,0,16
BRDA:95,10,1,320
BRDA:101,11,0,16
BRDA:102,12,0,0
BRDA:102,12,1,32
BRDA:102,13,0,32
BRDA:102,13,1,32
BRDA:125,14,0,304
BRDA:125,14,1,280
BRDA:128,15,0,48
BRDA:128,15,1,256
BRDA:128,16,0,304
BRDA:128,16,1,272
BRDA:128,16,2,264
BRDA:128,16,3,256
BRDA:130,17,0,168
BRDA:130,17,1,88
BRDA:130,18,0,256
BRDA:130,18,1,240
BRDA:130,18,2,192
BRDA:130,18,3,184
BRDA:130,18,4,160
BRDA:130,18,5,152
BRDA:130,18,6,144
BRDA:130,18,7,144
BRDA:130,18,8,136
BRDA:130,18,9,128
BRDA:130,18,10,112
BRDA:130,18,11,104
BRDA:130,18,12,96
BRDA:132,19,0,16
BRDA:132,19,1,72
BRDA:132,20,0,88
BRDA:132,20,1,80
BRDA:140,21,0,0
BRDA:140,21,1,8
BRDA:140,22,0,8
BRDA:140,22,1,8
BRDA:144,23,0,0
BRDA:144,23,1,8
BRDA:144,24,0,8
BRDA:144,24,1,8
BRDA:148,25,0,0
BRDA:148,25,1,8
BRDA:148,26,0,8
BRDA:148,26,1,8
BRDA:152,27,0,0
BRDA:152,27,1,8
BRDA:152,28,0,8
BRDA:152,28,1,8
BRDA:156,29,0,0
BRDA:156,29,1,8
BRDA:156,30,0,8
BRDA:156,30,1,8
BRDA:160,31,0,0
BRDA:160,31,1,8
BRDA:160,32,0,8
BRDA:160,32,1,8
BRDA:164,33,0,0
BRDA:164,33,1,8
BRDA:164,34,0,8
BRDA:164,34,1,8
BRDA:168,35,0,0
BRDA:168,35,1,8
BRDA:168,36,0,8
BRDA:168,36,1,8
BRDA:172,37,0,0
BRDA:172,37,1,8
BRDA:172,38,0,8
BRDA:172,38,1,8
BRDA:176,39,0,0
BRDA:176,39,1,8
BRDA:176,40,0,8
BRDA:176,40,1,8
BRDA:180,41,0,0
BRDA:180,41,1,8
BRDA:180,42,0,8
BRDA:180,42,1,8
BRDA:185,43,0,0
BRDA:185,43,1,8
BRDA:185,44,0,8
BRDA:185,44,1,8
BRDA:185,44,2,0
BRDA:190,45,0,0
BRDA:190,45,1,8
BRDA:190,46,0,8
BRDA:190,46,1,8
BRDA:194,47,0,0
BRDA:194,47,1,8
BRDA:194,48,0,8
BRDA:194,48,1,8
BRDA:205,49,0,8
BRDA:205,49,1,0
BRDA:241,50,0,8
BRDA:241,50,1,0
BRDA:285,51,0,4
BRDA:285,51,1,0
BRDA:286,52,0,4
BRDA:286,52,1,0
BRF:118
BRH:93
end_of_record
TN:
SF:src\utils\fileUpload.js
FN:8,(anonymous_0)
FN:18,(anonymous_1)
FN:28,(anonymous_2)
FN:78,(anonymous_3)
FN:79,(anonymous_4)
FN:82,(anonymous_5)
FN:120,(anonymous_6)
FN:121,(anonymous_7)
FN:124,(anonymous_8)
FN:162,(anonymous_9)
FN:192,(anonymous_10)
FN:193,(anonymous_11)
FN:200,(anonymous_12)
FN:214,(anonymous_13)
FN:236,(anonymous_14)
FN:237,(anonymous_15)
FN:245,(anonymous_16)
FN:249,(anonymous_17)
FN:253,(anonymous_18)
FN:263,(anonymous_19)
FNF:20
FNH:2
FNDA:0,(anonymous_0)
FNDA:0,(anonymous_1)
FNDA:0,(anonymous_2)
FNDA:8,(anonymous_3)
FNDA:0,(anonymous_4)
FNDA:0,(anonymous_5)
FNDA:4,(anonymous_6)
FNDA:0,(anonymous_7)
FNDA:0,(anonymous_8)
FNDA:0,(anonymous_9)
FNDA:0,(anonymous_10)
FNDA:0,(anonymous_11)
FNDA:0,(anonymous_12)
FNDA:0,(anonymous_13)
FNDA:0,(anonymous_14)
FNDA:0,(anonymous_15)
FNDA:0,(anonymous_16)
FNDA:0,(anonymous_17)
FNDA:0,(anonymous_18)
FNDA:0,(anonymous_19)
DA:1,4
DA:2,4
DA:3,4
DA:4,4
DA:7,4
DA:9,0
DA:12,0
DA:13,0
DA:16,0
DA:20,0
DA:21,0
DA:22,0
DA:23,0
DA:28,4
DA:29,0
DA:41,0
DA:54,0
DA:55,0
DA:57,0
DA:58,0
DA:60,0
DA:65,4
DA:78,4
DA:79,8
DA:80,0
DA:82,0
DA:83,0
DA:84,0
DA:85,0
DA:86,0
DA:92,0
DA:93,0
DA:102,0
DA:110,0
DA:120,4
DA:121,4
DA:122,0
DA:124,0
DA:125,0
DA:126,0
DA:127,0
DA:128,0
DA:134,0
DA:135,0
DA:144,0
DA:152,0
DA:162,4
DA:163,0
DA:166,0
DA:167,0
DA:175,0
DA:176,0
DA:179,0
DA:180,0
DA:181,0
DA:184,0
DA:185,0
DA:192,4
DA:193,0
DA:194,0
DA:196,0
DA:197,0
DA:200,0
DA:201,0
DA:202,0
DA:205,0
DA:214,4
DA:215,0
DA:216,0
DA:229,0
DA:236,4
DA:237,0
DA:238,0
DA:239,0
DA:242,0
DA:243,0
DA:245,0
DA:246,0
DA:249,0
DA:250,0
DA:253,0
DA:254,0
DA:263,4
DA:264,0
DA:265,0
DA:268,4
LF:86
LH:17
BRDA:9,0,0,0
BRDA:9,0,1,0
BRDA:12,1,0,0
BRDA:12,1,1,0
BRDA:57,2,0,0
BRDA:57,2,1,0
BRDA:57,3,0,0
BRDA:57,3,1,0
BRDA:69,4,0,4
BRDA:69,4,1,4
BRDA:83,5,0,0
BRDA:83,5,1,0
BRDA:84,6,0,0
BRDA:84,6,1,0
BRDA:85,7,0,0
BRDA:85,7,1,0
BRDA:90,8,0,0
BRDA:90,8,1,0
BRDA:92,9,0,0
BRDA:92,9,1,0
BRDA:120,10,0,4
BRDA:125,11,0,0
BRDA:125,11,1,0
BRDA:126,12,0,0
BRDA:126,12,1,0
BRDA:127,13,0,0
BRDA:127,13,1,0
BRDA:132,14,0,0
BRDA:132,14,1,0
BRDA:134,15,0,0
BRDA:134,15,1,0
BRDA:166,16,0,0
BRDA:166,16,1,0
BRDA:196,17,0,0
BRDA:196,17,1,0
BRDA:201,18,0,0
BRDA:201,18,1,0
BRDA:229,19,0,0
BRDA:229,19,1,0
BRDA:238,20,0,0
BRDA:238,20,1,0
BRF:41
BRH:3
end_of_record
TN:
SF:src\utils\importExport.js
FN:13,(anonymous_0)
FN:14,(anonymous_1)
FN:19,(anonymous_2)
FN:22,(anonymous_3)
FN:25,(anonymous_4)
FN:36,(anonymous_5)
FN:50,(anonymous_6)
FN:51,(anonymous_7)
FN:72,(anonymous_8)
FN:116,(anonymous_9)
FN:210,(anonymous_10)
FN:305,(anonymous_11)
FNF:12
FNH:0
FNDA:0,(anonymous_0)
FNDA:0,(anonymous_1)
FNDA:0,(anonymous_2)
FNDA:0,(anonymous_3)
FNDA:0,(anonymous_4)
FNDA:0,(anonymous_5)
FNDA:0,(anonymous_6)
FNDA:0,(anonymous_7)
FNDA:0,(anonymous_8)
FNDA:0,(anonymous_9)
FNDA:0,(anonymous_10)
FNDA:0,(anonymous_11)
DA:1,4
DA:2,4
DA:3,4
DA:4,4
DA:5,4
DA:6,4
DA:13,4
DA:14,0
DA:15,0
DA:17,0
DA:20,0
DA:23,0
DA:26,0
DA:36,4
DA:37,0
DA:38,0
DA:41,0
DA:50,0
DA:51,0
DA:52,0
DA:55,0
DA:56,0
DA:59,0
DA:63,0
DA:72,4
DA:73,0
DA:76,0
DA:77,0
DA:80,0
DA:81,0
DA:85,0
DA:86,0
DA:90,0
DA:91,0
DA:94,0
DA:95,0
DA:99,0
DA:100,0
DA:103,0
DA:116,4
DA:117,0
DA:118,0
DA:119,0
DA:126,0
DA:127,0
DA:128,0
DA:130,0
DA:131,0
DA:132,0
DA:137,0
DA:140,0
DA:142,0
DA:177,0
DA:181,0
DA:182,0
DA:189,0
DA:190,0
DA:198,0
DA:200,0
DA:210,4
DA:211,0
DA:212,0
DA:215,0
DA:216,0
DA:219,0
DA:220,0
DA:223,0
DA:224,0
DA:233,0
DA:234,0
DA:235,0
DA:236,0
DA:238,0
DA:239,0
DA:244,0
DA:284,0
DA:287,0
DA:289,0
DA:295,0
DA:305,4
DA:306,0
DA:310,0
DA:311,0
DA:313,0
DA:320,0
DA:324,4
LF:86
LH:13
BRDA:37,0,0,0
BRDA:37,0,1,0
BRDA:37,1,0,0
BRDA:37,1,1,0
BRDA:52,2,0,0
BRDA:52,2,1,0
BRDA:55,3,0,0
BRDA:55,3,1,0
BRDA:55,4,0,0
BRDA:55,4,1,0
BRDA:55,4,2,0
BRDA:76,5,0,0
BRDA:76,5,1,0
BRDA:77,6,0,0
BRDA:77,6,1,0
BRDA:80,7,0,0
BRDA:80,7,1,0
BRDA:80,8,0,0
BRDA:80,8,1,0
BRDA:85,9,0,0
BRDA:85,9,1,0
BRDA:85,10,0,0
BRDA:85,10,1,0
BRDA:90,11,0,0
BRDA:90,11,1,0
BRDA:90,12,0,0
BRDA:90,12,1,0
BRDA:94,13,0,0
BRDA:94,13,1,0
BRDA:94,14,0,0
BRDA:94,14,1,0
BRDA:99,15,0,0
BRDA:99,15,1,0
BRDA:99,16,0,0
BRDA:99,16,1,0
BRDA:130,17,0,0
BRDA:130,17,1,0
BRDA:145,18,0,0
BRDA:145,18,1,0
BRDA:146,19,0,0
BRDA:146,19,1,0
BRDA:147,20,0,0
BRDA:147,20,1,0
BRDA:149,21,0,0
BRDA:149,21,1,0
BRDA:150,22,0,0
BRDA:150,22,1,0
BRDA:151,23,0,0
BRDA:151,23,1,0
BRDA:152,24,0,0
BRDA:152,24,1,0
BRDA:153,25,0,0
BRDA:153,25,1,0
BRDA:154,26,0,0
BRDA:154,26,1,0
BRDA:155,27,0,0
BRDA:155,27,1,0
BRDA:156,28,0,0
BRDA:156,28,1,0
BRDA:157,29,0,0
BRDA:157,29,1,0
BRDA:158,30,0,0
BRDA:158,30,1,0
BRDA:159,31,0,0
BRDA:159,31,1,0
BRDA:160,32,0,0
BRDA:160,32,1,0
BRDA:161,33,0,0
BRDA:161,33,1,0
BRDA:162,34,0,0
BRDA:162,34,1,0
BRDA:163,35,0,0
BRDA:163,35,1,0
BRDA:164,36,0,0
BRDA:164,36,1,0
BRDA:165,37,0,0
BRDA:165,37,1,0
BRDA:166,38,0,0
BRDA:166,38,1,0
BRDA:167,39,0,0
BRDA:167,39,1,0
BRDA:168,40,0,0
BRDA:168,40,1,0
BRDA:169,41,0,0
BRDA:169,41,1,0
BRDA:170,42,0,0
BRDA:170,42,1,0
BRDA:171,43,0,0
BRDA:171,43,1,0
BRDA:172,44,0,0
BRDA:172,44,1,0
BRDA:215,45,0,0
BRDA:215,45,1,0
BRDA:219,46,0,0
BRDA:219,46,1,0
BRDA:223,47,0,0
BRDA:223,47,1,0
BRDA:233,48,0,0
BRDA:233,48,1,0
BRDA:233,49,0,0
BRDA:233,49,1,0
BRDA:235,50,0,0
BRDA:235,50,1,0
BRDA:238,51,0,0
BRDA:238,51,1,0
BRF:105
BRH:0
end_of_record
TN:
SF:src\utils\jwt.js
FN:11,(anonymous_0)
FN:31,(anonymous_1)
FN:59,(anonymous_2)
FN:68,(anonymous_3)
FN:88,(anonymous_4)
FN:107,(anonymous_5)
FN:125,(anonymous_6)
FNF:7
FNH:0
FNDA:0,(anonymous_0)
FNDA:0,(anonymous_1)
FNDA:0,(anonymous_2)
FNDA:0,(anonymous_3)
FNDA:0,(anonymous_4)
FNDA:0,(anonymous_5)
FNDA:0,(anonymous_6)
DA:1,4
DA:2,4
DA:11,4
DA:12,0
DA:31,4
DA:32,0
DA:33,0
DA:34,0
DA:37,0
DA:38,0
DA:40,0
DA:48,0
DA:59,4
DA:60,0
DA:68,4
DA:69,0
DA:74,0
DA:76,0
DA:88,4
DA:89,0
DA:90,0
DA:92,0
DA:107,4
DA:108,0
DA:109,0
DA:111,0
DA:125,4
DA:126,0
DA:127,0
DA:129,0
DA:138,4
LF:31
LH:10
BRDA:19,0,0,0
BRDA:19,0,1,0
BRDA:79,1,0,0
BRDA:79,1,1,0
BRF:4
BRH:0
end_of_record
TN:
SF:src\utils\logger.js
FN:22,(anonymous_0)
FN:27,(anonymous_1)
FN:34,(anonymous_2)
FN:42,(anonymous_3)
FN:53,(anonymous_4)
FN:59,(anonymous_5)
FN:65,(anonymous_6)
FN:71,(anonymous_7)
FN:77,(anonymous_8)
FNF:9
FNH:4
FNDA:4,(anonymous_0)
FNDA:4,(anonymous_1)
FNDA:4,(anonymous_2)
FNDA:0,(anonymous_3)
FNDA:0,(anonymous_4)
FNDA:4,(anonymous_5)
FNDA:0,(anonymous_6)
FNDA:0,(anonymous_7)
FNDA:0,(anonymous_8)
DA:6,4
DA:13,4
DA:23,4
DA:24,4
DA:28,4
DA:29,4
DA:30,4
DA:31,4
DA:35,4
DA:36,4
DA:37,4
DA:39,4
DA:41,4
DA:42,0
DA:43,0
DA:44,0
DA:46,0
DA:50,4
DA:54,0
DA:55,0
DA:60,4
DA:61,4
DA:66,0
DA:67,0
DA:72,0
DA:73,0
DA:78,0
DA:83,4
DA:85,4
LF:29
LH:18
BRDA:23,0,0,4
BRDA:23,0,1,0
BRDA:36,1,0,4
BRDA:36,1,1,0
BRDA:37,2,0,4
BRDA:37,2,1,0
BRDA:41,3,0,0
BRDA:41,3,1,4
BRDA:43,4,0,0
BRDA:43,4,1,0
BRDA:54,5,0,0
BRDA:54,5,1,0
BRDA:60,6,0,4
BRDA:60,6,1,0
BRDA:66,7,0,0
BRDA:66,7,1,0
BRDA:72,8,0,0
BRDA:72,8,1,0
BRF:18
BRH:5
end_of_record
TN:
SF:src\utils\password.js
FN:9,(anonymous_0)
FN:25,(anonymous_1)
FN:39,(anonymous_2)
FN:99,(anonymous_3)
FN:120,(anonymous_4)
FNF:5
FNH:0
FNDA:0,(anonymous_0)
FNDA:0,(anonymous_1)
FNDA:0,(anonymous_2)
FNDA:0,(anonymous_3)
FNDA:0,(anonymous_4)
DA:1,4
DA:9,4
DA:10,0
DA:11,0
DA:12,0
DA:13,0
DA:15,0
DA:25,4
DA:26,0
DA:27,0
DA:28,0
DA:30,0
DA:39,4
DA:40,0
DA:42,0
DA:43,0
DA:44,0
DA:47,0
DA:48,0
DA:51,0
DA:52,0
DA:55,0
DA:56,0
DA:59,0
DA:60,0
DA:63,0
DA:64,0
DA:67,0
DA:68,0
DA:72,0
DA:81,0
DA:82,0
DA:83,0
DA:84,0
DA:88,0
DA:99,4
DA:100,0
DA:101,0
DA:102,0
DA:103,0
DA:105,0
DA:106,0
DA:109,0
DA:110,0
DA:111,0
DA:112,0
DA:115,0
DA:116,0
DA:120,0
DA:123,4
LF:50
LH:6
BRDA:9,0,0,0
BRDA:42,1,0,0
BRDA:42,1,1,0
BRDA:47,2,0,0
BRDA:47,2,1,0
BRDA:51,3,0,0
BRDA:51,3,1,0
BRDA:55,4,0,0
BRDA:55,4,1,0
BRDA:59,5,0,0
BRDA:59,5,1,0
BRDA:63,6,0,0
BRDA:63,6,1,0
BRDA:67,7,0,0
BRDA:67,7,1,0
BRDA:82,8,0,0
BRDA:82,8,1,0
BRDA:99,9,0,0
BRF:18
BRH:0
end_of_record
TN:
SF:src\utils\redis.js
FN:5,(anonymous_0)
FN:12,(anonymous_1)
FN:18,(anonymous_2)
FN:31,(anonymous_3)
FN:36,(anonymous_4)
FN:45,(anonymous_5)
FN:60,(anonymous_6)
FN:67,(anonymous_7)
FN:71,(anonymous_8)
FN:87,(anonymous_9)
FN:102,(anonymous_10)
FN:117,(anonymous_11)
FN:131,(anonymous_12)
FN:145,(anonymous_13)
FN:158,(anonymous_14)
FN:173,(anonymous_15)
FN:178,(anonymous_16)
FN:183,(anonymous_17)
FN:188,(anonymous_18)
FN:194,(anonymous_19)
FN:199,(anonymous_20)
FN:204,(anonymous_21)
FN:210,(anonymous_22)
FN:215,(anonymous_23)
FN:220,(anonymous_24)
FN:226,(anonymous_25)
FN:231,(anonymous_26)
FN:236,(anonymous_27)
FN:242,(anonymous_28)
FN:247,(anonymous_29)
FN:253,(anonymous_30)
FN:256,(anonymous_31)
FN:265,(anonymous_32)
FNF:33
FNH:4
FNDA:4,(anonymous_0)
FNDA:4,(anonymous_1)
FNDA:8,(anonymous_2)
FNDA:0,(anonymous_3)
FNDA:8,(anonymous_4)
FNDA:0,(anonymous_5)
FNDA:0,(anonymous_6)
FNDA:0,(anonymous_7)
FNDA:0,(anonymous_8)
FNDA:0,(anonymous_9)
FNDA:0,(anonymous_10)
FNDA:0,(anonymous_11)
FNDA:0,(anonymous_12)
FNDA:0,(anonymous_13)
FNDA:0,(anonymous_14)
FNDA:0,(anonymous_15)
FNDA:0,(anonymous_16)
FNDA:0,(anonymous_17)
FNDA:0,(anonymous_18)
FNDA:0,(anonymous_19)
FNDA:0,(anonymous_20)
FNDA:0,(anonymous_21)
FNDA:0,(anonymous_22)
FNDA:0,(anonymous_23)
FNDA:0,(anonymous_24)
FNDA:0,(anonymous_25)
FNDA:0,(anonymous_26)
FNDA:0,(anonymous_27)
FNDA:0,(anonymous_28)
FNDA:0,(anonymous_29)
FNDA:0,(anonymous_30)
FNDA:0,(anonymous_31)
FNDA:0,(anonymous_32)
DA:1,4
DA:2,4
DA:6,4
DA:7,4
DA:8,4
DA:9,4
DA:13,4
DA:14,4
DA:20,8
DA:21,0
DA:22,0
DA:24,8
DA:31,4
DA:32,0
DA:33,0
DA:36,4
DA:38,8
DA:39,4
DA:40,4
DA:42,8
DA:45,4
DA:46,0
DA:47,0
DA:50,4
DA:51,0
DA:53,0
DA:54,0
DA:55,0
DA:56,0
DA:61,0
DA:62,0
DA:63,0
DA:68,0
DA:72,0
DA:73,0
DA:74,0
DA:77,0
DA:78,0
DA:79,0
DA:80,0
DA:82,0
DA:83,0
DA:88,0
DA:89,0
DA:90,0
DA:93,0
DA:94,0
DA:95,0
DA:97,0
DA:98,0
DA:103,0
DA:104,0
DA:105,0
DA:108,0
DA:109,0
DA:110,0
DA:112,0
DA:113,0
DA:118,0
DA:119,0
DA:122,0
DA:123,0
DA:124,0
DA:126,0
DA:127,0
DA:132,0
DA:133,0
DA:136,0
DA:137,0
DA:138,0
DA:140,0
DA:141,0
DA:146,0
DA:147,0
DA:150,0
DA:151,0
DA:153,0
DA:154,0
DA:159,0
DA:160,0
DA:163,0
DA:164,0
DA:165,0
DA:167,0
DA:168,0
DA:174,0
DA:175,0
DA:179,0
DA:180,0
DA:184,0
DA:185,0
DA:190,0
DA:191,0
DA:195,0
DA:196,0
DA:200,0
DA:201,0
DA:206,0
DA:207,0
DA:211,0
DA:212,0
DA:216,0
DA:217,0
DA:222,0
DA:223,0
DA:227,0
DA:228,0
DA:232,0
DA:233,0
DA:238,0
DA:239,0
DA:243,0
DA:244,0
DA:248,0
DA:249,0
DA:254,0
DA:257,0
DA:258,0
DA:261,0
DA:266,0
DA:272,0
DA:273,0
DA:274,0
DA:275,0
DA:282,4
DA:284,4
LF:126
LH:20
BRDA:16,0,0,4
BRDA:16,0,1,4
BRDA:17,1,0,4
BRDA:17,1,1,4
BRDA:20,2,0,0
BRDA:20,2,1,8
BRDA:27,3,0,4
BRDA:27,3,1,4
BRDA:28,4,0,4
BRDA:28,4,1,4
BRDA:38,5,0,4
BRDA:38,5,1,4
BRDA:38,6,0,8
BRDA:38,6,1,8
BRDA:61,7,0,0
BRDA:61,7,1,0
BRDA:68,8,0,0
BRDA:68,8,1,0
BRDA:71,9,0,0
BRDA:72,10,0,0
BRDA:72,10,1,0
BRDA:88,11,0,0
BRDA:88,11,1,0
BRDA:95,12,0,0
BRDA:95,12,1,0
BRDA:103,13,0,0
BRDA:103,13,1,0
BRDA:118,14,0,0
BRDA:118,14,1,0
BRDA:132,15,0,0
BRDA:132,15,1,0
BRDA:146,16,0,0
BRDA:146,16,1,0
BRDA:159,17,0,0
BRDA:159,17,1,0
BRDA:173,18,0,0
BRDA:188,19,0,0
BRDA:204,20,0,0
BRDA:220,21,0,0
BRDA:236,22,0,0
BRDA:274,23,0,0
BRDA:274,23,1,0
BRF:42
BRH:13
end_of_record
TN:
SF:src\validators\authValidator.js
FN:56,(anonymous_0)
FN:57,(anonymous_1)
FN:77,(anonymous_2)
FN:115,(anonymous_3)
FN:131,(anonymous_4)
FN:151,(anonymous_5)
FNF:6
FNH:1
FNDA:52,(anonymous_0)
FNDA:0,(anonymous_1)
FNDA:0,(anonymous_2)
FNDA:0,(anonymous_3)
FNDA:0,(anonymous_4)
FNDA:0,(anonymous_5)
DA:1,4
DA:6,4
DA:18,4
DA:27,4
DA:38,4
DA:56,4
DA:57,52
DA:60,0
DA:62,0
DA:63,0
DA:65,0
DA:66,0
DA:68,0
DA:69,0
DA:71,0
DA:74,0
DA:76,0
DA:77,0
DA:83,0
DA:92,0
DA:94,0
DA:95,0
DA:97,0
DA:98,0
DA:100,0
DA:101,0
DA:103,0
DA:106,0
DA:115,4
DA:116,0
DA:118,0
DA:131,4
DA:132,0
DA:134,0
DA:135,0
DA:136,0
DA:137,0
DA:138,0
DA:139,0
DA:141,0
DA:145,0
DA:151,4
DA:152,0
DA:153,0
DA:155,0
DA:158,4
LF:46
LH:11
BRDA:56,0,0,0
BRDA:60,1,0,0
BRDA:60,1,1,0
BRDA:60,1,2,0
BRDA:60,1,3,0
BRDA:76,2,0,0
BRDA:76,2,1,0
BRDA:92,3,0,0
BRDA:92,3,1,0
BRDA:92,3,2,0
BRDA:92,3,3,0
BRDA:116,4,0,0
BRDA:116,4,1,0
BRDA:132,5,0,0
BRDA:132,5,1,0
BRDA:132,6,0,0
BRDA:132,6,1,0
BRDA:136,7,0,0
BRDA:136,7,1,0
BRDA:138,8,0,0
BRDA:138,8,1,0
BRDA:138,9,0,0
BRDA:138,9,1,0
BRDA:152,10,0,0
BRDA:152,10,1,0
BRF:25
BRH:0
end_of_record
TN:
SF:src\validators\employeeValidator.js
FN:38,(anonymous_0)
FN:152,(anonymous_1)
FN:198,(anonymous_2)
FN:230,(anonymous_3)
FN:244,(anonymous_4)
FN:260,(anonymous_5)
FNF:6
FNH:0
FNDA:0,(anonymous_0)
FNDA:0,(anonymous_1)
FNDA:0,(anonymous_2)
FNDA:0,(anonymous_3)
FNDA:0,(anonymous_4)
FNDA:0,(anonymous_5)
DA:1,4
DA:6,4
DA:39,0
DA:40,0
DA:41,0
DA:42,0
DA:43,0
DA:44,0
DA:152,4
DA:154,0
DA:155,0
DA:156,0
DA:157,0
DA:159,0
DA:168,4
DA:177,4
DA:198,0
DA:220,4
DA:230,4
DA:231,0
DA:232,0
DA:233,0
DA:236,0
DA:237,0
DA:244,4
DA:245,0
DA:247,0
DA:248,0
DA:249,0
DA:252,0
DA:253,0
DA:260,4
DA:261,0
DA:263,0
DA:269,0
DA:272,4
LF:36
LH:10
BRDA:44,0,0,0
BRDA:44,0,1,0
BRDA:154,1,0,0
BRDA:154,1,1,0
BRDA:154,2,0,0
BRDA:154,2,1,0
BRDA:230,3,0,0
BRDA:232,4,0,0
BRDA:232,4,1,0
BRDA:244,5,0,0
BRDA:245,6,0,0
BRDA:245,6,1,0
BRDA:248,7,0,0
BRDA:248,7,1,0
BRDA:261,8,0,0
BRDA:261,8,1,0
BRF:16
BRH:0
end_of_record
